<?xml version="1.0" encoding="UTF-8"?>
<!-- Generated by org.testng.reporters.JUnitXMLReporter -->
<testsuite ignored="0" hostname="Surens-MBP.cust.communityfibre.co.uk" failures="7" tests="7" name="Test" time="0.08" errors="0" timestamp="2024-03-20T10:58:40 GMT">
  <testcase classname="CrossBrowserExercution.LaunchApp_05" name="launch_app" time="0.0">
    <failure type="org.testng.TestNGException" message="
Parameter &amp;apos;browsername&amp;apos; is required by @Test on method launch_app but has not been marked @Optional or defined
in /Users/surenparmar/eclipse-workspace/selenium_uk/CrossBrowswerExercution.xml">
      <![CDATA[org.testng.TestNGException: 
Parameter 'browsername' is required by @Test on method launch_app but has not been marked @Optional or defined
in /Users/surenparmar/eclipse-workspace/selenium_uk/CrossBrowswerExercution.xml
at java.base/java.util.concurrent.ThreadPoolExecutor.runWorker(ThreadPoolExecutor.java:1128)
at java.base/java.util.concurrent.ThreadPoolExecutor$Worker.run(ThreadPoolExecutor.java:628)
at java.base/java.lang.Thread.run(Thread.java:834)
... Removed 11 stack frames]]>
    </failure>
  </testcase> <!-- launch_app -->
  <testcase classname="CrossBrowserExercution.LaunchApp_06" name="launch_app" time="0.0">
    <failure type="org.testng.TestNGException" message="
Parameter &amp;apos;browsername&amp;apos; is required by @Test on method launch_app but has not been marked @Optional or defined
in /Users/surenparmar/eclipse-workspace/selenium_uk/CrossBrowswerExercution.xml">
      <![CDATA[org.testng.TestNGException: 
Parameter 'browsername' is required by @Test on method launch_app but has not been marked @Optional or defined
in /Users/surenparmar/eclipse-workspace/selenium_uk/CrossBrowswerExercution.xml
at java.base/java.util.concurrent.ThreadPoolExecutor.runWorker(ThreadPoolExecutor.java:1128)
at java.base/java.util.concurrent.ThreadPoolExecutor$Worker.run(ThreadPoolExecutor.java:628)
at java.base/java.lang.Thread.run(Thread.java:834)
... Removed 11 stack frames]]>
    </failure>
  </testcase> <!-- launch_app -->
  <testcase classname="CrossBrowserExercution.LaunchApp_02" name="launch_app" time="0.0">
    <failure type="org.testng.TestNGException" message="
Parameter &amp;apos;browsername&amp;apos; is required by @Test on method launch_app but has not been marked @Optional or defined
in /Users/surenparmar/eclipse-workspace/selenium_uk/CrossBrowswerExercution.xml">
      <![CDATA[org.testng.TestNGException: 
Parameter 'browsername' is required by @Test on method launch_app but has not been marked @Optional or defined
in /Users/surenparmar/eclipse-workspace/selenium_uk/CrossBrowswerExercution.xml
at java.base/java.util.concurrent.ThreadPoolExecutor.runWorker(ThreadPoolExecutor.java:1128)
at java.base/java.util.concurrent.ThreadPoolExecutor$Worker.run(ThreadPoolExecutor.java:628)
at java.base/java.lang.Thread.run(Thread.java:834)
... Removed 11 stack frames]]>
    </failure>
  </testcase> <!-- launch_app -->
  <testcase classname="CrossBrowserExercution.LaunchApp_07" name="launch_app" time="0.0">
    <failure type="org.testng.TestNGException" message="
Parameter &amp;apos;browsername&amp;apos; is required by @Test on method launch_app but has not been marked @Optional or defined
in /Users/surenparmar/eclipse-workspace/selenium_uk/CrossBrowswerExercution.xml">
      <![CDATA[org.testng.TestNGException: 
Parameter 'browsername' is required by @Test on method launch_app but has not been marked @Optional or defined
in /Users/surenparmar/eclipse-workspace/selenium_uk/CrossBrowswerExercution.xml
at java.base/java.util.concurrent.ThreadPoolExecutor.runWorker(ThreadPoolExecutor.java:1128)
at java.base/java.util.concurrent.ThreadPoolExecutor$Worker.run(ThreadPoolExecutor.java:628)
at java.base/java.lang.Thread.run(Thread.java:834)
... Removed 11 stack frames]]>
    </failure>
  </testcase> <!-- launch_app -->
  <testcase classname="CrossBrowserExercution.LaunchApp_03" name="launch_app" time="0.0">
    <failure type="org.testng.TestNGException" message="
Parameter &amp;apos;browsername&amp;apos; is required by @Test on method launch_app but has not been marked @Optional or defined
in /Users/surenparmar/eclipse-workspace/selenium_uk/CrossBrowswerExercution.xml">
      <![CDATA[org.testng.TestNGException: 
Parameter 'browsername' is required by @Test on method launch_app but has not been marked @Optional or defined
in /Users/surenparmar/eclipse-workspace/selenium_uk/CrossBrowswerExercution.xml
at java.base/java.util.concurrent.ThreadPoolExecutor.runWorker(ThreadPoolExecutor.java:1128)
at java.base/java.util.concurrent.ThreadPoolExecutor$Worker.run(ThreadPoolExecutor.java:628)
at java.base/java.lang.Thread.run(Thread.java:834)
... Removed 11 stack frames]]>
    </failure>
  </testcase> <!-- launch_app -->
  <testcase classname="CrossBrowserExercution.LaunchApp_04" name="launch_app" time="0.0">
    <failure type="org.testng.TestNGException" message="
Parameter &amp;apos;browsername&amp;apos; is required by @Test on method launch_app but has not been marked @Optional or defined
in /Users/surenparmar/eclipse-workspace/selenium_uk/CrossBrowswerExercution.xml">
      <![CDATA[org.testng.TestNGException: 
Parameter 'browsername' is required by @Test on method launch_app but has not been marked @Optional or defined
in /Users/surenparmar/eclipse-workspace/selenium_uk/CrossBrowswerExercution.xml
at java.base/java.util.concurrent.ThreadPoolExecutor.runWorker(ThreadPoolExecutor.java:1128)
at java.base/java.util.concurrent.ThreadPoolExecutor$Worker.run(ThreadPoolExecutor.java:628)
at java.base/java.lang.Thread.run(Thread.java:834)
... Removed 11 stack frames]]>
    </failure>
  </testcase> <!-- launch_app -->
  <testcase classname="CrossBrowserExercution.LaunchApp_01" name="launch_app" time="0.0">
    <failure type="org.testng.TestNGException" message="
Parameter &amp;apos;browsername&amp;apos; is required by @Test on method launch_app but has not been marked @Optional or defined
in /Users/surenparmar/eclipse-workspace/selenium_uk/CrossBrowswerExercution.xml">
      <![CDATA[org.testng.TestNGException: 
Parameter 'browsername' is required by @Test on method launch_app but has not been marked @Optional or defined
in /Users/surenparmar/eclipse-workspace/selenium_uk/CrossBrowswerExercution.xml
at java.base/java.util.concurrent.ThreadPoolExecutor.runWorker(ThreadPoolExecutor.java:1128)
at java.base/java.util.concurrent.ThreadPoolExecutor$Worker.run(ThreadPoolExecutor.java:628)
at java.base/java.lang.Thread.run(Thread.java:834)
... Removed 11 stack frames]]>
    </failure>
  </testcase> <!-- launch_app -->
</testsuite> <!-- Test -->
