<html>
<head>
<title>TestNG:  Test</title>
<link href="../testng.css" rel="stylesheet" type="text/css" />
<link href="../my-testng.css" rel="stylesheet" type="text/css" />

<style type="text/css">
.log { display: none;} 
.stack-trace { display: none;} 
</style>
<script type="text/javascript">
<!--
function flip(e) {
  current = e.style.display;
  if (current == 'block') {
    e.style.display = 'none';
    return 0;
  }
  else {
    e.style.display = 'block';
    return 1;
  }
}

function toggleBox(szDivId, elem, msg1, msg2)
{
  var res = -1;  if (document.getElementById) {
    res = flip(document.getElementById(szDivId));
  }
  else if (document.all) {
    // this is the way old msie versions work
    res = flip(document.all[szDivId]);
  }
  if(elem) {
    if(res == 0) elem.innerHTML = msg1; else elem.innerHTML = msg2;
  }

}

function toggleAllBoxes() {
  if (document.getElementsByTagName) {
    d = document.getElementsByTagName('div');
    for (i = 0; i < d.length; i++) {
      if (d[i].className == 'log') {
        flip(d[i]);
      }
    }
  }
}

// -->
</script>

</head>
<body>
<h2 align='center'>Test</h2><table border='1' align="center">
<tr>
<td>Tests passed/Failed/Skipped:</td><td>0/7/0</td>
</tr><tr>
<td>Started on:</td><td>Wed Mar 20 10:58:40 GMT 2024</td>
</tr>
<tr><td>Total time:</td><td>0 seconds (80 ms)</td>
</tr><tr>
<td>Included groups:</td><td></td>
</tr><tr>
<td>Excluded groups:</td><td></td>
</tr>
</table><p/>
<small><i>(Hover the method name to see the test class name)</i></small><p/>
<table width='100%' border='1' class='invocation-failed'>
<tr><td colspan='4' align='center'><b>FAILED TESTS</b></td></tr>
<tr><td><b>Test method</b></td>
<td width="30%"><b>Exception</b></td>
<td width="10%"><b>Time (seconds)</b></td>
<td><b>Instance</b></td>
</tr>
<tr>
<td title='CrossBrowserExercution.LaunchApp_05.launch_app()'><b>launch_app</b><br>Test class: CrossBrowserExercution.LaunchApp_05</td>
<td><div><pre>org.testng.TestNGException: 
Parameter &apos;browsername&apos; is required by @Test on method launch_app but has not been marked @Optional or defined
in /Users/surenparmar/eclipse-workspace/selenium_uk/CrossBrowswerExercution.xml
	at java.base/java.util.concurrent.ThreadPoolExecutor.runWorker(ThreadPoolExecutor.java:1128)
	at java.base/java.util.concurrent.ThreadPoolExecutor$Worker.run(ThreadPoolExecutor.java:628)
	at java.base/java.lang.Thread.run(Thread.java:834)
... Removed 11 stack frames</pre></div><a href='#' onClick='toggleBox("stack-trace653404919", this, "Click to show all stack frames", "Click to hide stack frames")'>Click to show all stack frames</a>
<div class='stack-trace' id='stack-trace653404919'><pre>org.testng.TestNGException: 
Parameter &apos;browsername&apos; is required by @Test on method launch_app but has not been marked @Optional or defined
in /Users/surenparmar/eclipse-workspace/selenium_uk/CrossBrowswerExercution.xml
	at org.testng.internal.Parameters.createParams(Parameters.java:268)
	at org.testng.internal.Parameters.createParametersForMethod(Parameters.java:356)
	at org.testng.internal.Parameters.createParameters(Parameters.java:700)
	at org.testng.internal.Parameters.handleParameters(Parameters.java:875)
	at org.testng.internal.Parameters.handleParameters(Parameters.java:740)
	at org.testng.internal.ParameterHandler.handleParameters(ParameterHandler.java:59)
	at org.testng.internal.ParameterHandler.createParameters(ParameterHandler.java:38)
	at org.testng.internal.TestInvoker$MethodInvocationAgent.invoke(TestInvoker.java:789)
	at org.testng.internal.TestInvoker.invokeTestMethods(TestInvoker.java:147)
	at org.testng.internal.TestMethodWorker.invokeTestMethods(TestMethodWorker.java:146)
	at org.testng.internal.TestMethodWorker.run(TestMethodWorker.java:128)
	at java.base/java.util.concurrent.ThreadPoolExecutor.runWorker(ThreadPoolExecutor.java:1128)
	at java.base/java.util.concurrent.ThreadPoolExecutor$Worker.run(ThreadPoolExecutor.java:628)
	at java.base/java.lang.Thread.run(Thread.java:834)
</pre></div></td>
<td>0</td>
<td>CrossBrowserExercution.LaunchApp_05@5f683daf</td></tr>
<tr>
<td title='CrossBrowserExercution.LaunchApp_06.launch_app()'><b>launch_app</b><br>Test class: CrossBrowserExercution.LaunchApp_06</td>
<td><div><pre>org.testng.TestNGException: 
Parameter &apos;browsername&apos; is required by @Test on method launch_app but has not been marked @Optional or defined
in /Users/surenparmar/eclipse-workspace/selenium_uk/CrossBrowswerExercution.xml
	at java.base/java.util.concurrent.ThreadPoolExecutor.runWorker(ThreadPoolExecutor.java:1128)
	at java.base/java.util.concurrent.ThreadPoolExecutor$Worker.run(ThreadPoolExecutor.java:628)
	at java.base/java.lang.Thread.run(Thread.java:834)
... Removed 11 stack frames</pre></div><a href='#' onClick='toggleBox("stack-trace1659521264", this, "Click to show all stack frames", "Click to hide stack frames")'>Click to show all stack frames</a>
<div class='stack-trace' id='stack-trace1659521264'><pre>org.testng.TestNGException: 
Parameter &apos;browsername&apos; is required by @Test on method launch_app but has not been marked @Optional or defined
in /Users/surenparmar/eclipse-workspace/selenium_uk/CrossBrowswerExercution.xml
	at org.testng.internal.Parameters.createParams(Parameters.java:268)
	at org.testng.internal.Parameters.createParametersForMethod(Parameters.java:356)
	at org.testng.internal.Parameters.createParameters(Parameters.java:700)
	at org.testng.internal.Parameters.handleParameters(Parameters.java:875)
	at org.testng.internal.Parameters.handleParameters(Parameters.java:740)
	at org.testng.internal.ParameterHandler.handleParameters(ParameterHandler.java:59)
	at org.testng.internal.ParameterHandler.createParameters(ParameterHandler.java:38)
	at org.testng.internal.TestInvoker$MethodInvocationAgent.invoke(TestInvoker.java:789)
	at org.testng.internal.TestInvoker.invokeTestMethods(TestInvoker.java:147)
	at org.testng.internal.TestMethodWorker.invokeTestMethods(TestMethodWorker.java:146)
	at org.testng.internal.TestMethodWorker.run(TestMethodWorker.java:128)
	at java.base/java.util.concurrent.ThreadPoolExecutor.runWorker(ThreadPoolExecutor.java:1128)
	at java.base/java.util.concurrent.ThreadPoolExecutor$Worker.run(ThreadPoolExecutor.java:628)
	at java.base/java.lang.Thread.run(Thread.java:834)
</pre></div></td>
<td>0</td>
<td>CrossBrowserExercution.LaunchApp_06@4a668b6e</td></tr>
<tr>
<td title='CrossBrowserExercution.LaunchApp_02.launch_app()'><b>launch_app</b><br>Test class: CrossBrowserExercution.LaunchApp_02</td>
<td><div><pre>org.testng.TestNGException: 
Parameter &apos;browsername&apos; is required by @Test on method launch_app but has not been marked @Optional or defined
in /Users/surenparmar/eclipse-workspace/selenium_uk/CrossBrowswerExercution.xml
	at java.base/java.util.concurrent.ThreadPoolExecutor.runWorker(ThreadPoolExecutor.java:1128)
	at java.base/java.util.concurrent.ThreadPoolExecutor$Worker.run(ThreadPoolExecutor.java:628)
	at java.base/java.lang.Thread.run(Thread.java:834)
... Removed 11 stack frames</pre></div><a href='#' onClick='toggleBox("stack-trace643312645", this, "Click to show all stack frames", "Click to hide stack frames")'>Click to show all stack frames</a>
<div class='stack-trace' id='stack-trace643312645'><pre>org.testng.TestNGException: 
Parameter &apos;browsername&apos; is required by @Test on method launch_app but has not been marked @Optional or defined
in /Users/surenparmar/eclipse-workspace/selenium_uk/CrossBrowswerExercution.xml
	at org.testng.internal.Parameters.createParams(Parameters.java:268)
	at org.testng.internal.Parameters.createParametersForMethod(Parameters.java:356)
	at org.testng.internal.Parameters.createParameters(Parameters.java:700)
	at org.testng.internal.Parameters.handleParameters(Parameters.java:875)
	at org.testng.internal.Parameters.handleParameters(Parameters.java:740)
	at org.testng.internal.ParameterHandler.handleParameters(ParameterHandler.java:59)
	at org.testng.internal.ParameterHandler.createParameters(ParameterHandler.java:38)
	at org.testng.internal.TestInvoker$MethodInvocationAgent.invoke(TestInvoker.java:789)
	at org.testng.internal.TestInvoker.invokeTestMethods(TestInvoker.java:147)
	at org.testng.internal.TestMethodWorker.invokeTestMethods(TestMethodWorker.java:146)
	at org.testng.internal.TestMethodWorker.run(TestMethodWorker.java:128)
	at java.base/java.util.concurrent.ThreadPoolExecutor.runWorker(ThreadPoolExecutor.java:1128)
	at java.base/java.util.concurrent.ThreadPoolExecutor$Worker.run(ThreadPoolExecutor.java:628)
	at java.base/java.lang.Thread.run(Thread.java:834)
</pre></div></td>
<td>0</td>
<td>CrossBrowserExercution.LaunchApp_02@46fa7c39</td></tr>
<tr>
<td title='CrossBrowserExercution.LaunchApp_07.launch_app()'><b>launch_app</b><br>Test class: CrossBrowserExercution.LaunchApp_07</td>
<td><div><pre>org.testng.TestNGException: 
Parameter &apos;browsername&apos; is required by @Test on method launch_app but has not been marked @Optional or defined
in /Users/surenparmar/eclipse-workspace/selenium_uk/CrossBrowswerExercution.xml
	at java.base/java.util.concurrent.ThreadPoolExecutor.runWorker(ThreadPoolExecutor.java:1128)
	at java.base/java.util.concurrent.ThreadPoolExecutor$Worker.run(ThreadPoolExecutor.java:628)
	at java.base/java.lang.Thread.run(Thread.java:834)
... Removed 11 stack frames</pre></div><a href='#' onClick='toggleBox("stack-trace1276644086", this, "Click to show all stack frames", "Click to hide stack frames")'>Click to show all stack frames</a>
<div class='stack-trace' id='stack-trace1276644086'><pre>org.testng.TestNGException: 
Parameter &apos;browsername&apos; is required by @Test on method launch_app but has not been marked @Optional or defined
in /Users/surenparmar/eclipse-workspace/selenium_uk/CrossBrowswerExercution.xml
	at org.testng.internal.Parameters.createParams(Parameters.java:268)
	at org.testng.internal.Parameters.createParametersForMethod(Parameters.java:356)
	at org.testng.internal.Parameters.createParameters(Parameters.java:700)
	at org.testng.internal.Parameters.handleParameters(Parameters.java:875)
	at org.testng.internal.Parameters.handleParameters(Parameters.java:740)
	at org.testng.internal.ParameterHandler.handleParameters(ParameterHandler.java:59)
	at org.testng.internal.ParameterHandler.createParameters(ParameterHandler.java:38)
	at org.testng.internal.TestInvoker$MethodInvocationAgent.invoke(TestInvoker.java:789)
	at org.testng.internal.TestInvoker.invokeTestMethods(TestInvoker.java:147)
	at org.testng.internal.TestMethodWorker.invokeTestMethods(TestMethodWorker.java:146)
	at org.testng.internal.TestMethodWorker.run(TestMethodWorker.java:128)
	at java.base/java.util.concurrent.ThreadPoolExecutor.runWorker(ThreadPoolExecutor.java:1128)
	at java.base/java.util.concurrent.ThreadPoolExecutor$Worker.run(ThreadPoolExecutor.java:628)
	at java.base/java.lang.Thread.run(Thread.java:834)
</pre></div></td>
<td>0</td>
<td>CrossBrowserExercution.LaunchApp_07@4f67eb2a</td></tr>
<tr>
<td title='CrossBrowserExercution.LaunchApp_03.launch_app()'><b>launch_app</b><br>Test class: CrossBrowserExercution.LaunchApp_03</td>
<td><div><pre>org.testng.TestNGException: 
Parameter &apos;browsername&apos; is required by @Test on method launch_app but has not been marked @Optional or defined
in /Users/surenparmar/eclipse-workspace/selenium_uk/CrossBrowswerExercution.xml
	at java.base/java.util.concurrent.ThreadPoolExecutor.runWorker(ThreadPoolExecutor.java:1128)
	at java.base/java.util.concurrent.ThreadPoolExecutor$Worker.run(ThreadPoolExecutor.java:628)
	at java.base/java.lang.Thread.run(Thread.java:834)
... Removed 11 stack frames</pre></div><a href='#' onClick='toggleBox("stack-trace1155101", this, "Click to show all stack frames", "Click to hide stack frames")'>Click to show all stack frames</a>
<div class='stack-trace' id='stack-trace1155101'><pre>org.testng.TestNGException: 
Parameter &apos;browsername&apos; is required by @Test on method launch_app but has not been marked @Optional or defined
in /Users/surenparmar/eclipse-workspace/selenium_uk/CrossBrowswerExercution.xml
	at org.testng.internal.Parameters.createParams(Parameters.java:268)
	at org.testng.internal.Parameters.createParametersForMethod(Parameters.java:356)
	at org.testng.internal.Parameters.createParameters(Parameters.java:700)
	at org.testng.internal.Parameters.handleParameters(Parameters.java:875)
	at org.testng.internal.Parameters.handleParameters(Parameters.java:740)
	at org.testng.internal.ParameterHandler.handleParameters(ParameterHandler.java:59)
	at org.testng.internal.ParameterHandler.createParameters(ParameterHandler.java:38)
	at org.testng.internal.TestInvoker$MethodInvocationAgent.invoke(TestInvoker.java:789)
	at org.testng.internal.TestInvoker.invokeTestMethods(TestInvoker.java:147)
	at org.testng.internal.TestMethodWorker.invokeTestMethods(TestMethodWorker.java:146)
	at org.testng.internal.TestMethodWorker.run(TestMethodWorker.java:128)
	at java.base/java.util.concurrent.ThreadPoolExecutor.runWorker(ThreadPoolExecutor.java:1128)
	at java.base/java.util.concurrent.ThreadPoolExecutor$Worker.run(ThreadPoolExecutor.java:628)
	at java.base/java.lang.Thread.run(Thread.java:834)
</pre></div></td>
<td>0</td>
<td>CrossBrowserExercution.LaunchApp_03@53aad5d5</td></tr>
<tr>
<td title='CrossBrowserExercution.LaunchApp_04.launch_app()'><b>launch_app</b><br>Test class: CrossBrowserExercution.LaunchApp_04</td>
<td><div><pre>org.testng.TestNGException: 
Parameter &apos;browsername&apos; is required by @Test on method launch_app but has not been marked @Optional or defined
in /Users/surenparmar/eclipse-workspace/selenium_uk/CrossBrowswerExercution.xml
	at java.base/java.util.concurrent.ThreadPoolExecutor.runWorker(ThreadPoolExecutor.java:1128)
	at java.base/java.util.concurrent.ThreadPoolExecutor$Worker.run(ThreadPoolExecutor.java:628)
	at java.base/java.lang.Thread.run(Thread.java:834)
... Removed 11 stack frames</pre></div><a href='#' onClick='toggleBox("stack-trace95824575", this, "Click to show all stack frames", "Click to hide stack frames")'>Click to show all stack frames</a>
<div class='stack-trace' id='stack-trace95824575'><pre>org.testng.TestNGException: 
Parameter &apos;browsername&apos; is required by @Test on method launch_app but has not been marked @Optional or defined
in /Users/surenparmar/eclipse-workspace/selenium_uk/CrossBrowswerExercution.xml
	at org.testng.internal.Parameters.createParams(Parameters.java:268)
	at org.testng.internal.Parameters.createParametersForMethod(Parameters.java:356)
	at org.testng.internal.Parameters.createParameters(Parameters.java:700)
	at org.testng.internal.Parameters.handleParameters(Parameters.java:875)
	at org.testng.internal.Parameters.handleParameters(Parameters.java:740)
	at org.testng.internal.ParameterHandler.handleParameters(ParameterHandler.java:59)
	at org.testng.internal.ParameterHandler.createParameters(ParameterHandler.java:38)
	at org.testng.internal.TestInvoker$MethodInvocationAgent.invoke(TestInvoker.java:789)
	at org.testng.internal.TestInvoker.invokeTestMethods(TestInvoker.java:147)
	at org.testng.internal.TestMethodWorker.invokeTestMethods(TestMethodWorker.java:146)
	at org.testng.internal.TestMethodWorker.run(TestMethodWorker.java:128)
	at java.base/java.util.concurrent.ThreadPoolExecutor.runWorker(ThreadPoolExecutor.java:1128)
	at java.base/java.util.concurrent.ThreadPoolExecutor$Worker.run(ThreadPoolExecutor.java:628)
	at java.base/java.lang.Thread.run(Thread.java:834)
</pre></div></td>
<td>0</td>
<td>CrossBrowserExercution.LaunchApp_04@41c2284a</td></tr>
<tr>
<td title='CrossBrowserExercution.LaunchApp_01.launch_app()'><b>launch_app</b><br>Test class: CrossBrowserExercution.LaunchApp_01</td>
<td><div><pre>org.testng.TestNGException: 
Parameter &apos;browsername&apos; is required by @Test on method launch_app but has not been marked @Optional or defined
in /Users/surenparmar/eclipse-workspace/selenium_uk/CrossBrowswerExercution.xml
	at java.base/java.util.concurrent.ThreadPoolExecutor.runWorker(ThreadPoolExecutor.java:1128)
	at java.base/java.util.concurrent.ThreadPoolExecutor$Worker.run(ThreadPoolExecutor.java:628)
	at java.base/java.lang.Thread.run(Thread.java:834)
... Removed 11 stack frames</pre></div><a href='#' onClick='toggleBox("stack-trace10714219", this, "Click to show all stack frames", "Click to hide stack frames")'>Click to show all stack frames</a>
<div class='stack-trace' id='stack-trace10714219'><pre>org.testng.TestNGException: 
Parameter &apos;browsername&apos; is required by @Test on method launch_app but has not been marked @Optional or defined
in /Users/surenparmar/eclipse-workspace/selenium_uk/CrossBrowswerExercution.xml
	at org.testng.internal.Parameters.createParams(Parameters.java:268)
	at org.testng.internal.Parameters.createParametersForMethod(Parameters.java:356)
	at org.testng.internal.Parameters.createParameters(Parameters.java:700)
	at org.testng.internal.Parameters.handleParameters(Parameters.java:875)
	at org.testng.internal.Parameters.handleParameters(Parameters.java:740)
	at org.testng.internal.ParameterHandler.handleParameters(ParameterHandler.java:59)
	at org.testng.internal.ParameterHandler.createParameters(ParameterHandler.java:38)
	at org.testng.internal.TestInvoker$MethodInvocationAgent.invoke(TestInvoker.java:789)
	at org.testng.internal.TestInvoker.invokeTestMethods(TestInvoker.java:147)
	at org.testng.internal.TestMethodWorker.invokeTestMethods(TestMethodWorker.java:146)
	at org.testng.internal.TestMethodWorker.run(TestMethodWorker.java:128)
	at java.base/java.util.concurrent.ThreadPoolExecutor.runWorker(ThreadPoolExecutor.java:1128)
	at java.base/java.util.concurrent.ThreadPoolExecutor$Worker.run(ThreadPoolExecutor.java:628)
	at java.base/java.lang.Thread.run(Thread.java:834)
</pre></div></td>
<td>0</td>
<td>CrossBrowserExercution.LaunchApp_01@1fb700ee</td></tr>
</table><p>
</body>
</html>